[PREINITIALIZATION][CLIENT][INFO] Thank you to the Patreon supporters below and others who make CraftTweaker possible!
Pongo Sapiens
Br脙赂nsted
Ivy_
Genryu
WaterMoon
Belathus
Tyrone McLean
IDroid
Spencer Gilbert
Peregrinus11
AdaraChristine
Barrier
DreamThorn
Psyberition
Ncc1702
Zuniroa
Robijnvogel
Quaternary
SquidDev
NickT
If you want to support the mod, checkout https://patreon.com/jaredlll08?s=crtmod

[PREINITIALIZATION][CLIENT][INFO] Current loaders after merging: [[preinit]]
[PREINITIALIZATION][CLIENT][INFO] Loading scripts for loader with names [preinit]
[PREINITIALIZATION][CLIENT][INFO] [preinit | SIDE_CLIENT]: Skipping file {[0:crafttweaker]: hide and remove.zs} as we are currently loading with a different loader
[PREINITIALIZATION][CLIENT][INFO] [preinit | SIDE_CLIENT]: Skipping file {[0:crafttweaker]: MineTweakerRecipeMaker.zs} as we are currently loading with a different loader
[PREINITIALIZATION][CLIENT][INFO] [preinit | SIDE_CLIENT]: Skipping file {[0:crafttweaker]: recipes.zs} as we are currently loading with a different loader
[PREINITIALIZATION][CLIENT][INFO] Completed script loading in: 1ms
[INITIALIZATION][CLIENT][INFO] CraftTweaker: Building registry
[INITIALIZATION][CLIENT][INFO] CraftTweaker: Successfully built item registry
[INITIALIZATION][CLIENT][INFO] Current loaders after merging: [[preinit], [recipeevent | crafttweaker]]
[INITIALIZATION][CLIENT][INFO] Loading scripts for loader with names [crafttweaker | recipeevent]
[INITIALIZATION][CLIENT][INFO] [crafttweaker | SIDE_CLIENT]: Loading Script: {[0:crafttweaker]: hide and remove.zs}
[INITIALIZATION][CLIENT][INFO] [crafttweaker | SIDE_CLIENT]: Loading Script: {[0:crafttweaker]: MineTweakerRecipeMaker.zs}
[INITIALIZATION][CLIENT][INFO] [crafttweaker | SIDE_CLIENT]: Loading Script: {[0:crafttweaker]: recipes.zs}
[INITIALIZATION][CLIENT][INFO] Completed script loading in: 291ms
[POSTINITIALIZATION][CLIENT][INFO] Removing recipes for various outputs
[POSTINITIALIZATION][CLIENT][INFO] Adding shapeless recipe for 活化护甲片 with name ct_shapeless2147477052
[POSTINITIALIZATION][CLIENT][INFO] Adding shapeless recipe for 被感染的盔甲片 with name ct_shapeless-1189743247
[AVAILABLE][CLIENT][INFO] Fixed the RecipeBook
[AVAILABLE][CLIENT][INFO] Hiding item in JEI: <nocubessrpaddon:flamethrower2>
[AVAILABLE][CLIENT][INFO] Hiding item in JEI: <nocubessrpaddon:flamethrower>
[AVAILABLE][CLIENT][INFO] Hiding item in JEI: <nocubessrpaddon:flamethrower3>
[AVAILABLE][CLIENT][INFO] Hiding item in JEI: <nocubessrpaddon:flamethrowerfuel>
[AVAILABLE][CLIENT][INFO] Hiding item in JEI: <nocubessrpaddon:flamethrowertank>
[AVAILABLE][CLIENT][INFO] Hiding item in JEI: <nocubessrpaddon:flamethrowercore2>
[AVAILABLE][CLIENT][INFO] Hiding item in JEI: <nocubessrpaddon:flamethrowercore>
[AVAILABLE][CLIENT][INFO] Hiding item in JEI: <nocubessrpaddon:flamethrowercore3>
[AVAILABLE][CLIENT][INFO] Hiding item in JEI: <nocubessrpaddon:flamethrowerbarrel>
[AVAILABLE][CLIENT][INFO] Hiding item in JEI: <nocubessrpaddon:flamethrowergrip>
[AVAILABLE][CLIENT][INFO] Hiding item in JEI: <nocubessrpaddon:flamethrowerpart>
[AVAILABLE][CLIENT][INFO] Hiding item in JEI: <soviet:tile>
[AVAILABLE][CLIENT][INFO] Hiding item in JEI: <soviet:small_tiles_red>
[AVAILABLE][CLIENT][INFO] Hiding item in JEI: <soviet:soviet_window_angle>
[AVAILABLE][CLIENT][INFO] Hiding item in JEI: <soviet:bio/vent_filter>
[AVAILABLE][CLIENT][INFO] Hiding item in JEI: <soviet:wood_door_item>
[AVAILABLE][CLIENT][INFO] Hiding item in JEI: <soviet:physical/autowriter>
[AVAILABLE][CLIENT][INFO] Hiding item in JEI: <soviet:big_tile>
[AVAILABLE][CLIENT][INFO] Hiding item in JEI: <soviet:hammer>
[AVAILABLE][CLIENT][INFO] Hiding item in JEI: <soviet:magnetmixer>
[AVAILABLE][CLIENT][INFO] Hiding item in JEI: <soviet:light_bricks>
[AVAILABLE][CLIENT][INFO] Hiding item in JEI: <soviet:blue_tilled_block>
[AVAILABLE][CLIENT][INFO] Hiding item in JEI: <soviet:white_tilled_block>
[AVAILABLE][CLIENT][INFO] Hiding item in JEI: <soviet:autoclave>
[AVAILABLE][CLIENT][INFO] Hiding item in JEI: <soviet:vent_pipe>
[AVAILABLE][CLIENT][INFO] Hiding item in JEI: <soviet:walltile_2>
[AVAILABLE][CLIENT][INFO] Hiding item in JEI: <soviet:walltile_1>
[AVAILABLE][CLIENT][INFO] Hiding item in JEI: <soviet:bio/biolab_tumbler>
[AVAILABLE][CLIENT][INFO] Hiding item in JEI: <soviet:red_lamp>
[AVAILABLE][CLIENT][INFO] Hiding item in JEI: <soviet:soviet_ladder2>
[AVAILABLE][CLIENT][INFO] Hiding item in JEI: <soviet:physical/spec_monitor>
[AVAILABLE][CLIENT][INFO] Hiding item in JEI: <soviet:glazed_tile_white>
[AVAILABLE][CLIENT][INFO] Hiding item in JEI: <soviet:ug_rail_rot2>
[AVAILABLE][CLIENT][INFO] Hiding item in JEI: <soviet:ug_rail_rot4>
[AVAILABLE][CLIENT][INFO] Hiding item in JEI: <soviet:ug_rail_rot3>
[AVAILABLE][CLIENT][INFO] Hiding item in JEI: <soviet:po2_down>
[AVAILABLE][CLIENT][INFO] Hiding item in JEI: <soviet:full_diagonal_grid>
[AVAILABLE][CLIENT][INFO] Hiding item in JEI: <soviet:soviet_bricks>
[AVAILABLE][CLIENT][INFO] Hiding item in JEI: <soviet:physical/em_meter>
[AVAILABLE][CLIENT][INFO] Hiding item in JEI: <soviet:turnstile_off>
[AVAILABLE][CLIENT][INFO] Hiding item in JEI: <soviet:big_beton_plate>
[AVAILABLE][CLIENT][INFO] Hiding item in JEI: <soviet:floor_grid>
[AVAILABLE][CLIENT][INFO] Hiding item in JEI: <soviet:block_moss>
[AVAILABLE][CLIENT][INFO] Hiding item in JEI: <soviet:glazed_tile_black_cracked>
[AVAILABLE][CLIENT][INFO] Hiding item in JEI: <soviet:soviet_bed_item>
[AVAILABLE][CLIENT][INFO] Hiding item in JEI: <soviet:wood_labshelf_upper>
[AVAILABLE][CLIENT][INFO] Hiding item in JEI: <soviet:req/short_bricks>
[AVAILABLE][CLIENT][INFO] Hiding item in JEI: <soviet:ralling_door_item>
[AVAILABLE][CLIENT][INFO] Hiding item in JEI: <soviet:battery>
[AVAILABLE][CLIENT][INFO] Hiding item in JEI: <soviet:ye_bricks_3_crack>
[AVAILABLE][CLIENT][INFO] Hiding item in JEI: <soviet:soviet_bricks_crack>
[AVAILABLE][CLIENT][INFO] Hiding item in JEI: <soviet:lab_table_right>
[AVAILABLE][CLIENT][INFO] Hiding item in JEI: <soviet:ch>
[AVAILABLE][CLIENT][INFO] Hiding item in JEI: <soviet:ug_rail>
[AVAILABLE][CLIENT][INFO] Hiding item in JEI: <soviet:adh_tile>
[AVAILABLE][CLIENT][INFO] Hiding item in JEI: <soviet:bi>
[AVAILABLE][CLIENT][INFO] Hiding item in JEI: <soviet:physical/lead_wall>
[AVAILABLE][CLIENT][INFO] Hiding item in JEI: <soviet:factory_window>
[AVAILABLE][CLIENT][INFO] Hiding item in JEI: <soviet:street_light_middle>
[AVAILABLE][CLIENT][INFO] Hiding item in JEI: <soviet:closed_sovietlamp>
[AVAILABLE][CLIENT][INFO] Hiding item in JEI: <soviet:bedside>
[AVAILABLE][CLIENT][INFO] Hiding item in JEI: <soviet:physical/copper_rings_end>
[AVAILABLE][CLIENT][INFO] Hiding item in JEI: <soviet:ge>
[AVAILABLE][CLIENT][INFO] Hiding item in JEI: <soviet:hermoblock>
[AVAILABLE][CLIENT][INFO] Hiding item in JEI: <soviet:wires>
[AVAILABLE][CLIENT][INFO] Hiding item in JEI: <soviet:barb_wire>
[AVAILABLE][CLIENT][INFO] Hiding item in JEI: <soviet:street_light_down_1>
[AVAILABLE][CLIENT][INFO] Hiding item in JEI: <soviet:street_light_down_2>
[AVAILABLE][CLIENT][INFO] Hiding item in JEI: <soviet:soviettable>
[AVAILABLE][CLIENT][INFO] Hiding item in JEI: <soviet:physical/accl_lamp_cracked>
[AVAILABLE][CLIENT][INFO] Hiding item in JEI: <soviet:ia>
[AVAILABLE][CLIENT][INFO] Hiding item in JEI: <soviet:panel_block>
[AVAILABLE][CLIENT][INFO] Hiding item in JEI: <soviet:linos>
[AVAILABLE][CLIENT][INFO] Hiding item in JEI: <soviet:linos:1>
[AVAILABLE][CLIENT][INFO] Hiding item in JEI: <soviet:linos:2>
[AVAILABLE][CLIENT][INFO] Hiding item in JEI: <soviet:linos:3>
[AVAILABLE][CLIENT][INFO] Hiding item in JEI: <soviet:linos:4>
[AVAILABLE][CLIENT][INFO] Hiding item in JEI: <soviet:linos:5>
[AVAILABLE][CLIENT][INFO] Hiding item in JEI: <soviet:linos:6>
[AVAILABLE][CLIENT][INFO] Hiding item in JEI: <soviet:linos:7>
[AVAILABLE][CLIENT][INFO] Hiding item in JEI: <soviet:i>
[AVAILABLE][CLIENT][INFO] Hiding item in JEI: <soviet:h>
[AVAILABLE][CLIENT][INFO] Hiding item in JEI: <soviet:k>
[AVAILABLE][CLIENT][INFO] Hiding item in JEI: <soviet:e>
[AVAILABLE][CLIENT][INFO] Hiding item in JEI: <soviet:d>
[AVAILABLE][CLIENT][INFO] Hiding item in JEI: <soviet:g>
[AVAILABLE][CLIENT][INFO] Hiding item in JEI: <soviet:nii_blocks>
[AVAILABLE][CLIENT][INFO] Hiding item in JEI: <soviet:nii_blocks:1>
[AVAILABLE][CLIENT][INFO] Hiding item in JEI: <soviet:nii_blocks:2>
[AVAILABLE][CLIENT][INFO] Hiding item in JEI: <soviet:nii_blocks:3>
[AVAILABLE][CLIENT][INFO] Hiding item in JEI: <soviet:f>
[AVAILABLE][CLIENT][INFO] Hiding item in JEI: <soviet:a>
[AVAILABLE][CLIENT][INFO] Hiding item in JEI: <soviet:c>
[AVAILABLE][CLIENT][INFO] Hiding item in JEI: <soviet:b>
[AVAILABLE][CLIENT][INFO] Hiding item in JEI: <soviet:z>
[AVAILABLE][CLIENT][INFO] Hiding item in JEI: <soviet:u>
[AVAILABLE][CLIENT][INFO] Hiding item in JEI: <soviet:t>
[AVAILABLE][CLIENT][INFO] Hiding item in JEI: <soviet:v>
[AVAILABLE][CLIENT][INFO] Hiding item in JEI: <soviet:p>
[AVAILABLE][CLIENT][INFO] Hiding item in JEI: <soviet:s>
[AVAILABLE][CLIENT][INFO] Hiding item in JEI: <soviet:r>
[AVAILABLE][CLIENT][INFO] Hiding item in JEI: <soviet:wood_labshelf_down>
[AVAILABLE][CLIENT][INFO] Hiding item in JEI: <soviet:m>
[AVAILABLE][CLIENT][INFO] Hiding item in JEI: <soviet:l>
[AVAILABLE][CLIENT][INFO] Hiding item in JEI: <soviet:o>
[AVAILABLE][CLIENT][INFO] Hiding item in JEI: <soviet:n>
[AVAILABLE][CLIENT][INFO] Hiding item in JEI: <soviet:physical/kmeter>
[AVAILABLE][CLIENT][INFO] Hiding item in JEI: <soviet:beton_panel_ang>
[AVAILABLE][CLIENT][INFO] Hiding item in JEI: <soviet:glazed_tile_cracked>
[AVAILABLE][CLIENT][INFO] Hiding item in JEI: <soviet:beton_panel_rot>
[AVAILABLE][CLIENT][INFO] Hiding item in JEI: <soviet:sovietselector>
[AVAILABLE][CLIENT][INFO] Hiding item in JEI: <soviet:ug_rail_rot>
[AVAILABLE][CLIENT][INFO] Hiding item in JEI: <soviet:lab_table_center>
[AVAILABLE][CLIENT][INFO] Hiding item in JEI: <soviet:sh>
[AVAILABLE][CLIENT][INFO] Hiding item in JEI: <soviet:vent_pipe_base>
[AVAILABLE][CLIENT][INFO] Hiding item in JEI: <soviet:contact_wire_angle>
[AVAILABLE][CLIENT][INFO] Hiding item in JEI: <soviet:thintube>
[AVAILABLE][CLIENT][INFO] Hiding item in JEI: <soviet:small_tiles_cracked>
[AVAILABLE][CLIENT][INFO] Hiding item in JEI: <soviet:req/v_tubing>
[AVAILABLE][CLIENT][INFO] Hiding item in JEI: <soviet:soviet_tumb>
[AVAILABLE][CLIENT][INFO] Hiding item in JEI: <soviet:uy>
[AVAILABLE][CLIENT][INFO] Hiding item in JEI: <soviet:bio/lab_sink>
[AVAILABLE][CLIENT][INFO] Hiding item in JEI: <soviet:ui>
[AVAILABLE][CLIENT][INFO] Hiding item in JEI: <soviet:nii_wall_1>
[AVAILABLE][CLIENT][INFO] Hiding item in JEI: <soviet:lab_glass_case>
[AVAILABLE][CLIENT][INFO] Hiding item in JEI: <soviet:ue>
[AVAILABLE][CLIENT][INFO] Hiding item in JEI: <soviet:beton_block>
[AVAILABLE][CLIENT][INFO] Hiding item in JEI: <soviet:tableside>
[AVAILABLE][CLIENT][INFO] Hiding item in JEI: <soviet:alm_door_item>
[AVAILABLE][CLIENT][INFO] Hiding item in JEI: <soviet:electro_stove>
[AVAILABLE][CLIENT][INFO] Hiding item in JEI: <soviet:small_tiles_yellow_cracked>
[AVAILABLE][CLIENT][INFO] Hiding item in JEI: <soviet:ya>
[AVAILABLE][CLIENT][INFO] Hiding item in JEI: <soviet:biolab_tile_up>
[AVAILABLE][CLIENT][INFO] Hiding item in JEI: <soviet:steve_helm_s>
[AVAILABLE][CLIENT][INFO] Hiding item in JEI: <soviet:very_small_tile>
[AVAILABLE][CLIENT][INFO] Hiding item in JEI: <soviet:nii_glass_1>
[AVAILABLE][CLIENT][INFO] Hiding item in JEI: <soviet:nii_glass_2>
[AVAILABLE][CLIENT][INFO] Hiding item in JEI: <soviet:airlock_door_item>
[AVAILABLE][CLIENT][INFO] Hiding item in JEI: <soviet:small_tiles>
[AVAILABLE][CLIENT][INFO] Hiding item in JEI: <soviet:bio/biolab_power_socket>
[AVAILABLE][CLIENT][INFO] Hiding item in JEI: <soviet:item_dsp_panel_1>
[AVAILABLE][CLIENT][INFO] Hiding item in JEI: <soviet:physical/vmeter>
[AVAILABLE][CLIENT][INFO] Hiding item in JEI: <soviet:rusty_handhold_angle>
[AVAILABLE][CLIENT][INFO] Hiding item in JEI: <soviet:base_po2>
[AVAILABLE][CLIENT][INFO] Hiding item in JEI: <soviet:dry_cab>
[AVAILABLE][CLIENT][INFO] Hiding item in JEI: <soviet:modern_window_leaf>
[AVAILABLE][CLIENT][INFO] Hiding item in JEI: <soviet:lab_tile>
[AVAILABLE][CLIENT][INFO] Hiding item in JEI: <soviet:rusty_barrel>
[AVAILABLE][CLIENT][INFO] Hiding item in JEI: <soviet:armature>
[AVAILABLE][CLIENT][INFO] Hiding item in JEI: <soviet:sysblock>
[AVAILABLE][CLIENT][INFO] Hiding item in JEI: <soviet:ye_beton_panel_ang>
[AVAILABLE][CLIENT][INFO] Hiding item in JEI: <soviet:modern_window>
[AVAILABLE][CLIENT][INFO] Hiding item in JEI: <soviet:soviet_steel>
[AVAILABLE][CLIENT][INFO] Hiding item in JEI: <soviet:glazed_tile_blue>
[AVAILABLE][CLIENT][INFO] Hiding item in JEI: <soviet:ye_beton_panel_rot>
[AVAILABLE][CLIENT][INFO] Hiding item in JEI: <soviet:physical/pmeter>
[AVAILABLE][CLIENT][INFO] Hiding item in JEI: <soviet:aquamarine_tile>
[AVAILABLE][CLIENT][INFO] Hiding item in JEI: <soviet:soviet_bricks_with_white_crack>
[AVAILABLE][CLIENT][INFO] Hiding item in JEI: <soviet:pipes>
[AVAILABLE][CLIENT][INFO] Hiding item in JEI: <soviet:iron_beam_withbeton>
[AVAILABLE][CLIENT][INFO] Hiding item in JEI: <soviet:lab_tile2>
[AVAILABLE][CLIENT][INFO] Hiding item in JEI: <soviet:wallpaper_5>
[AVAILABLE][CLIENT][INFO] Hiding item in JEI: <soviet:wallpaper_1>
[AVAILABLE][CLIENT][INFO] Hiding item in JEI: <soviet:wallpaper_2>
[AVAILABLE][CLIENT][INFO] Hiding item in JEI: <soviet:wallpaper_3>
[AVAILABLE][CLIENT][INFO] Hiding item in JEI: <soviet:wallpaper_4>
[AVAILABLE][CLIENT][INFO] Hiding item in JEI: <soviet:inc_lamp_false>
[AVAILABLE][CLIENT][INFO] Hiding item in JEI: <soviet:bio/dress_room_down>
[AVAILABLE][CLIENT][INFO] Hiding item in JEI: <soviet:tilled_block>
[AVAILABLE][CLIENT][INFO] Hiding item in JEI: <soviet:keyboard>
[AVAILABLE][CLIENT][INFO] Hiding item in JEI: <soviet:iron_beam_vertical>
[AVAILABLE][CLIENT][INFO] Hiding item in JEI: <soviet:bordur>
[AVAILABLE][CLIENT][INFO] Hiding item in JEI: <soviet:distill_app>
[AVAILABLE][CLIENT][INFO] Hiding item in JEI: <soviet:street_fence_angle>
[AVAILABLE][CLIENT][INFO] Hiding item in JEI: <soviet:kafels>
[AVAILABLE][CLIENT][INFO] Hiding item in JEI: <soviet:kafels:1>
[AVAILABLE][CLIENT][INFO] Hiding item in JEI: <soviet:kafels:2>
[AVAILABLE][CLIENT][INFO] Hiding item in JEI: <soviet:kafels:3>
[AVAILABLE][CLIENT][INFO] Hiding item in JEI: <soviet:kafels:4>
[AVAILABLE][CLIENT][INFO] Hiding item in JEI: <soviet:kafels:5>
[AVAILABLE][CLIENT][INFO] Hiding item in JEI: <soviet:kafels:6>
[AVAILABLE][CLIENT][INFO] Hiding item in JEI: <soviet:kafels:7>
[AVAILABLE][CLIENT][INFO] Hiding item in JEI: <soviet:kafels:8>
[AVAILABLE][CLIENT][INFO] Hiding item in JEI: <soviet:kafels:9>
[AVAILABLE][CLIENT][INFO] Hiding item in JEI: <soviet:kafels:10>
[AVAILABLE][CLIENT][INFO] Hiding item in JEI: <soviet:kafels:11>
[AVAILABLE][CLIENT][INFO] Hiding item in JEI: <soviet:kafels:12>
[AVAILABLE][CLIENT][INFO] Hiding item in JEI: <soviet:ye_beton_panel>
[AVAILABLE][CLIENT][INFO] Hiding item in JEI: <soviet:soviet_window>
[AVAILABLE][CLIENT][INFO] Hiding item in JEI: <soviet:vibro_wire>
[AVAILABLE][CLIENT][INFO] Hiding item in JEI: <soviet:ug_rail_diag>
[AVAILABLE][CLIENT][INFO] Hiding item in JEI: <soviet:full_diagonal_grid_invert>
[AVAILABLE][CLIENT][INFO] Hiding item in JEI: <soviet:contact_wire>
[AVAILABLE][CLIENT][INFO] Hiding item in JEI: <soviet:uf_lamp_break>
[AVAILABLE][CLIENT][INFO] Hiding item in JEI: <soviet:street_fence>
[AVAILABLE][CLIENT][INFO] Hiding item in JEI: <soviet:soviet_chair>
[AVAILABLE][CLIENT][INFO] Hiding item in JEI: <soviet:soviet_window_leaf>
[AVAILABLE][CLIENT][INFO] Hiding item in JEI: <soviet:travertine_block>
[AVAILABLE][CLIENT][INFO] Hiding item in JEI: <soviet:sovietlamp_cracked>
[AVAILABLE][CLIENT][INFO] Hiding item in JEI: <soviet:tilled_block_cracked>
[AVAILABLE][CLIENT][INFO] Hiding item in JEI: <soviet:glazed_tile>
[AVAILABLE][CLIENT][INFO] Hiding item in JEI: <soviet:lift_down>
[AVAILABLE][CLIENT][INFO] Hiding item in JEI: <soviet:stillage>
[AVAILABLE][CLIENT][INFO] Hiding item in JEI: <soviet:armchair>
[AVAILABLE][CLIENT][INFO] Hiding item in JEI: <soviet:bio/rotamixer>
[AVAILABLE][CLIENT][INFO] Hiding item in JEI: <soviet:raw_beton>
[AVAILABLE][CLIENT][INFO] Hiding item in JEI: <soviet:light_bricks2_crack>
[AVAILABLE][CLIENT][INFO] Hiding item in JEI: <soviet:white_soviet_bricks>
[AVAILABLE][CLIENT][INFO] Hiding item in JEI: <soviet:lab_table_left>
[AVAILABLE][CLIENT][INFO] Hiding item in JEI: <soviet:small_tiles_blue>
[AVAILABLE][CLIENT][INFO] Hiding item in JEI: <soviet:wrench>
[AVAILABLE][CLIENT][INFO] Hiding item in JEI: <soviet:hermo_trapdoor>
[AVAILABLE][CLIENT][INFO] Hiding item in JEI: <soviet:bio/biolab_table2>
[AVAILABLE][CLIENT][INFO] Hiding item in JEI: <soviet:bio/biolab_table4>
[AVAILABLE][CLIENT][INFO] Hiding item in JEI: <soviet:bio/biolab_table3>
[AVAILABLE][CLIENT][INFO] Hiding item in JEI: <soviet:bio/bio_stil>
[AVAILABLE][CLIENT][INFO] Hiding item in JEI: <soviet:parket_right>
[AVAILABLE][CLIENT][INFO] Hiding item in JEI: <soviet:physical/copper_rings>
[AVAILABLE][CLIENT][INFO] Hiding item in JEI: <soviet:pipeangle>
[AVAILABLE][CLIENT][INFO] Hiding item in JEI: <soviet:iron_beam_thin_vertical>
[AVAILABLE][CLIENT][INFO] Hiding item in JEI: <soviet:beton_wall>
[AVAILABLE][CLIENT][INFO] Hiding item in JEI: <soviet:chem_stuff_1>
[AVAILABLE][CLIENT][INFO] Hiding item in JEI: <soviet:chem_stuff_2>
[AVAILABLE][CLIENT][INFO] Hiding item in JEI: <soviet:iron_beam_thin>
[AVAILABLE][CLIENT][INFO] Hiding item in JEI: <soviet:toilet>
[AVAILABLE][CLIENT][INFO] Hiding item in JEI: <soviet:parket_line2>
[AVAILABLE][CLIENT][INFO] Hiding item in JEI: <soviet:andesite_rock>
[AVAILABLE][CLIENT][INFO] Hiding item in JEI: <soviet:physical/accl_lamp>
[AVAILABLE][CLIENT][INFO] Hiding item in JEI: <soviet:gofro_handhold>
[AVAILABLE][CLIENT][INFO] Hiding item in JEI: <soviet:brown_tile_crack>
[AVAILABLE][CLIENT][INFO] Hiding item in JEI: <soviet:light_bricks_crack>
[AVAILABLE][CLIENT][INFO] Hiding item in JEI: <soviet:beton_with_ralling>
[AVAILABLE][CLIENT][INFO] Hiding item in JEI: <soviet:glazed_tile_blue_cracked>
[AVAILABLE][CLIENT][INFO] Hiding item in JEI: <soviet:rasty_rall>
[AVAILABLE][CLIENT][INFO] Hiding item in JEI: <soviet:soviet_box>
[AVAILABLE][CLIENT][INFO] Hiding item in JEI: <soviet:bio/vent_circle>
[AVAILABLE][CLIENT][INFO] Hiding item in JEI: <soviet:light_bricks2>
[AVAILABLE][CLIENT][INFO] Hiding item in JEI: <soviet:physical/m_meter>
[AVAILABLE][CLIENT][INFO] Hiding item in JEI: <soviet:item_red_banner>
[AVAILABLE][CLIENT][INFO] Hiding item in JEI: <soviet:gofro_handhold_angle>
[AVAILABLE][CLIENT][INFO] Hiding item in JEI: <soviet:bio/autoclave2>
[AVAILABLE][CLIENT][INFO] Hiding item in JEI: <soviet:physical/ameter>
[AVAILABLE][CLIENT][INFO] Hiding item in JEI: <soviet:alum_window>
[AVAILABLE][CLIENT][INFO] Hiding item in JEI: <soviet:gofro_gold>
[AVAILABLE][CLIENT][INFO] Hiding item in JEI: <soviet:soviet_chair_wood>
[AVAILABLE][CLIENT][INFO] Hiding item in JEI: <soviet:bio/cryocapsule>
[AVAILABLE][CLIENT][INFO] Hiding item in JEI: <soviet:glazed_tile_white_cracked>
[AVAILABLE][CLIENT][INFO] Hiding item in JEI: <soviet:physical/accl_tile>
[AVAILABLE][CLIENT][INFO] Hiding item in JEI: <soviet:biolab_tile>
[AVAILABLE][CLIENT][INFO] Hiding item in JEI: <soviet:shc>
[AVAILABLE][CLIENT][INFO] Hiding item in JEI: <soviet:bio/biolab_chair>
[AVAILABLE][CLIENT][INFO] Hiding item in JEI: <soviet:rusty_ralling>
[AVAILABLE][CLIENT][INFO] Hiding item in JEI: <soviet:glazed_tile_black>
[AVAILABLE][CLIENT][INFO] Hiding item in JEI: <soviet:iron_beam>
[AVAILABLE][CLIENT][INFO] Hiding item in JEI: <soviet:sink>
[AVAILABLE][CLIENT][INFO] Hiding item in JEI: <soviet:pipe_autoclave>
[AVAILABLE][CLIENT][INFO] Hiding item in JEI: <soviet:moss_tilled_block>
[AVAILABLE][CLIENT][INFO] Hiding item in JEI: <soviet:physical/accl>
[AVAILABLE][CLIENT][INFO] Hiding item in JEI: <soviet:white_brick>
[AVAILABLE][CLIENT][INFO] Hiding item in JEI: <soviet:road_asphalt>
[AVAILABLE][CLIENT][INFO] Hiding item in JEI: <soviet:rusty_iron_door_item>
[AVAILABLE][CLIENT][INFO] Hiding item in JEI: <soviet:aquamarine_tile_cracked>
[AVAILABLE][CLIENT][INFO] Hiding item in JEI: <soviet:betons>
[AVAILABLE][CLIENT][INFO] Hiding item in JEI: <soviet:betons:1>
[AVAILABLE][CLIENT][INFO] Hiding item in JEI: <soviet:betons:2>
[AVAILABLE][CLIENT][INFO] Hiding item in JEI: <soviet:betons:3>
[AVAILABLE][CLIENT][INFO] Hiding item in JEI: <soviet:betons:4>
[AVAILABLE][CLIENT][INFO] Hiding item in JEI: <soviet:betons:5>
[AVAILABLE][CLIENT][INFO] Hiding item in JEI: <soviet:betons:6>
[AVAILABLE][CLIENT][INFO] Hiding item in JEI: <soviet:betons:7>
[AVAILABLE][CLIENT][INFO] Hiding item in JEI: <soviet:betons:8>
[AVAILABLE][CLIENT][INFO] Hiding item in JEI: <soviet:betons:9>
[AVAILABLE][CLIENT][INFO] Hiding item in JEI: <soviet:betons:10>
[AVAILABLE][CLIENT][INFO] Hiding item in JEI: <soviet:betons:11>
[AVAILABLE][CLIENT][INFO] Hiding item in JEI: <soviet:betons:12>
[AVAILABLE][CLIENT][INFO] Hiding item in JEI: <soviet:betons:13>
[AVAILABLE][CLIENT][INFO] Hiding item in JEI: <soviet:betons:14>
[AVAILABLE][CLIENT][INFO] Hiding item in JEI: <soviet:betons:15>
[AVAILABLE][CLIENT][INFO] Hiding item in JEI: <soviet:electro_board>
[AVAILABLE][CLIENT][INFO] Hiding item in JEI: <soviet:rubbish>
[AVAILABLE][CLIENT][INFO] Hiding item in JEI: <soviet:alkofire>
[AVAILABLE][CLIENT][INFO] Hiding item in JEI: <soviet:glass_tube>
[AVAILABLE][CLIENT][INFO] Hiding item in JEI: <soviet:ye_bricks_1_crack>
[AVAILABLE][CLIENT][INFO] Hiding item in JEI: <soviet:wood_labshelf_down_break>
[AVAILABLE][CLIENT][INFO] Hiding item in JEI: <soviet:polu_circle_grid>
[AVAILABLE][CLIENT][INFO] Hiding item in JEI: <soviet:small_bricks>
[AVAILABLE][CLIENT][INFO] Hiding item in JEI: <soviet:steve_helm>
[AVAILABLE][CLIENT][INFO] Hiding item in JEI: <soviet:bio/vent_pipe2_base>
[AVAILABLE][CLIENT][INFO] Hiding item in JEI: <soviet:quartz_tigel>
[AVAILABLE][CLIENT][INFO] Hiding item in JEI: <soviet:contact_wire_base>
[AVAILABLE][CLIENT][INFO] Hiding item in JEI: <soviet:windproof_beton>
[AVAILABLE][CLIENT][INFO] Hiding item in JEI: <soviet:soviet_ladder>
[AVAILABLE][CLIENT][INFO] Hiding item in JEI: <soviet:panel_block_rot>
[AVAILABLE][CLIENT][INFO] Hiding item in JEI: <soviet:physical/om_meter>
[AVAILABLE][CLIENT][INFO] Hiding item in JEI: <soviet:ye_bricks_2_crack>
[AVAILABLE][CLIENT][INFO] Hiding item in JEI: <soviet:panel_block_ang>
[AVAILABLE][CLIENT][INFO] Hiding item in JEI: <soviet:white_soviet_bricks_crack>
[AVAILABLE][CLIENT][INFO] Hiding item in JEI: <soviet:street_light_top_1>
[AVAILABLE][CLIENT][INFO] Hiding item in JEI: <soviet:street_light_top_2>
[AVAILABLE][CLIENT][INFO] Hiding item in JEI: <soviet:physical/f_meter>
[AVAILABLE][CLIENT][INFO] Hiding item in JEI: <soviet:bio/horiz_tile_blue>
[AVAILABLE][CLIENT][INFO] Hiding item in JEI: <soviet:soviet_column>
[AVAILABLE][CLIENT][INFO] Hiding item in JEI: <soviet:rusty_handhold>
[AVAILABLE][CLIENT][INFO] Hiding item in JEI: <soviet:wood_door_into_item>
[AVAILABLE][CLIENT][INFO] Hiding item in JEI: <soviet:physical/thin_lead_wall>
[AVAILABLE][CLIENT][INFO] Hiding item in JEI: <soviet:physical/accl_stand>
[AVAILABLE][CLIENT][INFO] Hiding item in JEI: <soviet:vibro_wire_b>
[AVAILABLE][CLIENT][INFO] Hiding item in JEI: <soviet:bio/chain>
[AVAILABLE][CLIENT][INFO] Hiding item in JEI: <soviet:req/tubing>
[AVAILABLE][CLIENT][INFO] Hiding item in JEI: <soviet:small_tiles_blue_cracked>
[AVAILABLE][CLIENT][INFO] Hiding item in JEI: <soviet:street_light_false>
[AVAILABLE][CLIENT][INFO] Hiding item in JEI: <soviet:soviet_bricks_with_white>
[AVAILABLE][CLIENT][INFO] Hiding item in JEI: <soviet:uf_lamp>
[AVAILABLE][CLIENT][INFO] Hiding item in JEI: <soviet:small_tiles_red_cracked>
[AVAILABLE][CLIENT][INFO] Hiding item in JEI: <soviet:sovietlamp>
[AVAILABLE][CLIENT][INFO] Hiding item in JEI: <soviet:asphalt>
[AVAILABLE][CLIENT][INFO] Hiding item in JEI: <soviet:green_beton_with_ralling>
[AVAILABLE][CLIENT][INFO] Hiding item in JEI: <soviet:bio/horiz_tile_white>
[AVAILABLE][CLIENT][INFO] Hiding item in JEI: <soviet:parket_left>
[AVAILABLE][CLIENT][INFO] Hiding item in JEI: <soviet:quad_tile_small>
[AVAILABLE][CLIENT][INFO] Hiding item in JEI: <soviet:parket_line>
[AVAILABLE][CLIENT][INFO] Hiding item in JEI: <soviet:brown_tile>
[AVAILABLE][CLIENT][INFO] Hiding item in JEI: <soviet:safe>
[AVAILABLE][CLIENT][INFO] Hiding item in JEI: <soviet:blue_tilled_block_cracked>
[AVAILABLE][CLIENT][INFO] Hiding item in JEI: <soviet:hermodoor_item>
[AVAILABLE][CLIENT][INFO] Hiding item in JEI: <soviet:vibro_wire_lever>
[AVAILABLE][CLIENT][INFO] Hiding item in JEI: <soviet:wood_labshelf_upper_break>
[AVAILABLE][CLIENT][INFO] Hiding item in JEI: <soviet:introdoors>
[AVAILABLE][CLIENT][INFO] Hiding item in JEI: <soviet:ye_bricks_2>
[AVAILABLE][CLIENT][INFO] Hiding item in JEI: <soviet:ye_bricks_3>
[AVAILABLE][CLIENT][INFO] Hiding item in JEI: <soviet:ye_bricks_1>
[AVAILABLE][CLIENT][INFO] Hiding item in JEI: <soviet:quadtile_glass>
[AVAILABLE][CLIENT][INFO] Hiding item in JEI: <soviet:physical/oscilloscope>
[AVAILABLE][CLIENT][INFO] Hiding item in JEI: <soviet:bio/radiator>
[AVAILABLE][CLIENT][INFO] Hiding item in JEI: <soviet:bio/diff_lamp>
[AVAILABLE][CLIENT][INFO] Hiding item in JEI: <soviet:brown_tilled_block>
[AVAILABLE][CLIENT][INFO] Hiding item in JEI: <soviet:comp>
[AVAILABLE][CLIENT][INFO] Hiding item in JEI: <soviet:quadtile>
[AVAILABLE][CLIENT][INFO] Hiding item in JEI: <soviet:beton_panel>
[AVAILABLE][CLIENT][INFO] Hiding item in JEI: <soviet:mixer>
[AVAILABLE][CLIENT][INFO] Hiding item in JEI: <soviet:bio/vent_pipe2>
[AVAILABLE][CLIENT][INFO] Hiding item in JEI: <soviet:diagonal_grid>
[AVAILABLE][CLIENT][INFO] Hiding item in JEI: <soviet:physical/wmeter>
[AVAILABLE][CLIENT][INFO] Hiding item in JEI: <soviet:motion_sensor>
[AVAILABLE][CLIENT][INFO] Hiding item in JEI: <soviet:red_bricks>
[AVAILABLE][CLIENT][INFO] Hiding item in JEI: <soviet:bio/horiz_tile_blue_crack>
[AVAILABLE][CLIENT][INFO] Hiding item in JEI: <soviet:green_bricks>
[AVAILABLE][CLIENT][INFO] Hiding item in JEI: <soviet:beton_stairs>
[AVAILABLE][CLIENT][INFO] Hiding item in JEI: <soviet:nii_wall_1_crack>
[AVAILABLE][CLIENT][INFO] Hiding item in JEI: <soviet:blue_tilled_block_moss>
[AVAILABLE][CLIENT][INFO] Hiding item in JEI: <soviet:small_tiles_yellow>
[AVAILABLE][CLIENT][INFO] Hiding item in JEI: <nyx:gleaning_meteor_rock>
[AVAILABLE][CLIENT][INFO] Hiding item in JEI: <nyx:meteor_boots>
[AVAILABLE][CLIENT][INFO] Hiding item in JEI: <nyx:meteor_bow>
[AVAILABLE][CLIENT][INFO] Hiding item in JEI: <nyx:meteor_sword>
[AVAILABLE][CLIENT][INFO] Hiding item in JEI: <nyx:meteor_ingot>
[AVAILABLE][CLIENT][INFO] Hiding item in JEI: <nyx:meteor_block>
[AVAILABLE][CLIENT][INFO] Hiding item in JEI: <nyx:meteor_dust>
[AVAILABLE][CLIENT][INFO] Hiding item in JEI: <nyx:meteor_shard>
[AVAILABLE][CLIENT][INFO] Hiding item in JEI: <nyx:lunar_water_bottle>
[AVAILABLE][CLIENT][INFO] Hiding item in JEI: <nyx:crystal>
[AVAILABLE][CLIENT][INFO] Hiding item in JEI: <nyx:meteor_helm>
[AVAILABLE][CLIENT][INFO] Hiding item in JEI: <nyx:meteor_axe>
[AVAILABLE][CLIENT][INFO] Hiding item in JEI: <nyx:meteor_rock>
[AVAILABLE][CLIENT][INFO] Hiding item in JEI: <nyx:chiseled_star_block>
[AVAILABLE][CLIENT][INFO] Hiding item in JEI: <nyx:meteor_finder>
[AVAILABLE][CLIENT][INFO] Hiding item in JEI: <nyx:meteor_pants>
[AVAILABLE][CLIENT][INFO] Hiding item in JEI: <nyx:fallen_star>
[AVAILABLE][CLIENT][INFO] Hiding item in JEI: <nyx:unrefined_crystal>
[AVAILABLE][CLIENT][INFO] Hiding item in JEI: <nyx:cracked_star_block>
[AVAILABLE][CLIENT][INFO] Hiding item in JEI: <nyx:meteor_hoe>
[AVAILABLE][CLIENT][INFO] Hiding item in JEI: <nyx:meteor_glass>
[AVAILABLE][CLIENT][INFO] Hiding item in JEI: <nyx:scythe>
[AVAILABLE][CLIENT][INFO] Hiding item in JEI: <nyx:meteor_shovel>
[AVAILABLE][CLIENT][INFO] Hiding item in JEI: <nyx:meteor_pickaxe>
[AVAILABLE][CLIENT][INFO] Hiding item in JEI: <nyx:star_slab>
[AVAILABLE][CLIENT][INFO] Hiding item in JEI: <nyx:meteor_hammer>
[AVAILABLE][CLIENT][INFO] Hiding item in JEI: <nyx:meteor_chest>
[AVAILABLE][CLIENT][INFO] Hiding item in JEI: <nyx:star_stairs>
[AVAILABLE][CLIENT][INFO] Hiding item in JEI: <nyx:star_block>
