[2022-03-31 16:24:35] [main INFO] [CSL DEBUG] REGISTERING TRANSFORMER customskinloader.forge.transformer.SkinManagerTransformer$InitTransformer
[2022-03-31 16:24:35] [main INFO] [CSL DEBUG] REGISTERING METHOD net.minecraft.client.resources.SkinManager(<init>(Lnet/minecraft/client/renderer/texture/TextureManager;Ljava/io/File;Lcom/mojang/authlib/minecraft/MinecraftSessionService;)V)
[2022-03-31 16:24:35] [main INFO] [CSL DEBUG] REGISTERING TRANSFORMER customskinloader.forge.transformer.SkinManagerTransformer$LoadSkinTransformer
[2022-03-31 16:24:35] [main INFO] [CSL DEBUG] REGISTERING METHOD net.minecraft.client.resources.SkinManager(func_152789_a(Lcom/mojang/authlib/minecraft/MinecraftProfileTexture;Lcom/mojang/authlib/minecraft/MinecraftProfileTexture$Type;Lnet/minecraft/client/resources/SkinManager$SkinAvailableCallback;)Lnet/minecraft/util/ResourceLocation;)
[2022-03-31 16:24:35] [main INFO] [CSL DEBUG] REGISTERING METHOD net.minecraft.client.resources.SkinManager(loadSkin(Lcom/mojang/authlib/minecraft/MinecraftProfileTexture;Lcom/mojang/authlib/minecraft/MinecraftProfileTexture$Type;Lnet/minecraft/client/resources/SkinManager$SkinAvailableCallback;)Lnet/minecraft/util/ResourceLocation;)
[2022-03-31 16:24:35] [main INFO] [CSL DEBUG] REGISTERING TRANSFORMER customskinloader.forge.transformer.SkinManagerTransformer$LoadProfileTexturesTransformer
[2022-03-31 16:24:35] [main INFO] [CSL DEBUG] REGISTERING METHOD net.minecraft.client.resources.SkinManager(func_152790_a(Lcom/mojang/authlib/GameProfile;Lnet/minecraft/client/resources/SkinManager$SkinAvailableCallback;Z)V)
[2022-03-31 16:24:35] [main INFO] [CSL DEBUG] REGISTERING METHOD net.minecraft.client.resources.SkinManager(loadProfileTextures(Lcom/mojang/authlib/GameProfile;Lnet/minecraft/client/resources/SkinManager$SkinAvailableCallback;Z)V)
[2022-03-31 16:24:35] [main INFO] [CSL DEBUG] REGISTERING TRANSFORMER customskinloader.forge.transformer.SkinManagerTransformer$LoadSkinFromCacheTransformer
[2022-03-31 16:24:35] [main INFO] [CSL DEBUG] REGISTERING METHOD net.minecraft.client.resources.SkinManager(func_152788_a(Lcom/mojang/authlib/GameProfile;)Ljava/util/Map;)
[2022-03-31 16:24:35] [main INFO] [CSL DEBUG] REGISTERING METHOD net.minecraft.client.resources.SkinManager(loadSkinFromCache(Lcom/mojang/authlib/GameProfile;)Ljava/util/Map;)
[2022-03-31 16:24:35] [main INFO] [CSL DEBUG] REGISTERING TRANSFORMER customskinloader.forge.transformer.PlayerTabTransformer$ScoreObjectiveTransformer
[2022-03-31 16:24:35] [main INFO] [CSL DEBUG] REGISTERING METHOD net.minecraft.client.gui.GuiPlayerTabOverlay(func_175249_a(ILnet/minecraft/scoreboard/Scoreboard;Lnet/minecraft/scoreboard/ScoreObjective;)V)
[2022-03-31 16:24:35] [main INFO] [CSL DEBUG] REGISTERING METHOD net.minecraft.client.gui.GuiPlayerTabOverlay(renderPlayerlist(ILnet/minecraft/scoreboard/Scoreboard;Lnet/minecraft/scoreboard/ScoreObjective;)V)
[2022-03-31 16:24:35] [main INFO] [CSL DEBUG] REGISTERING TRANSFORMER customskinloader.forge.transformer.SpectatorMenuTransformer$PlayerMenuObjectTransformer
[2022-03-31 16:24:35] [main INFO] [CSL DEBUG] REGISTERING METHOD net.minecraft.client.gui.spectator.PlayerMenuObject(<init>(Lcom/mojang/authlib/GameProfile;)V)
[2022-03-31 16:24:58] [Client thread INFO] [CSL DEBUG] Successfully transformed method <init> in class net.minecraft.client.resources.SkinManager
[2022-03-31 16:24:58] [Client thread INFO] [CSL DEBUG] Successfully transformed method func_152789_a in class net.minecraft.client.resources.SkinManager
[2022-03-31 16:24:58] [Client thread INFO] [CSL DEBUG] Successfully transformed method func_152790_a in class net.minecraft.client.resources.SkinManager
[2022-03-31 16:24:58] [Client thread INFO] [CSL DEBUG] Successfully transformed method func_152788_a in class net.minecraft.client.resources.SkinManager
[2022-03-31 16:25:35] [Client thread INFO] [CSL DEBUG] Successfully transformed method func_175249_a in class net.minecraft.client.gui.GuiPlayerTabOverlay
